<?xml version="1.0" encoding="UTF-8"?>
<!-- Generated by org.testng.reporters.JUnitReportReporter -->
<testsuite skipped="0" hostname="DESKTOP-HAC2EQ0" name="testCases.TestProduct" tests="1" failures="0" timestamp="2023-04-25T19:19:39 BDT" time="17.084" errors="0">
  <testcase name="test_product" time="17.084" classname="testCases.TestProduct"/>
  <system-out/>
</testsuite> <!-- testCases.TestProduct -->
